<?xml version="1.0" encoding="UTF-8"?>
<testsuite xmlns:xsi="http://www.w3.org/2001/XMLSchema-instance" xsi:noNamespaceSchemaLocation="https://maven.apache.org/surefire/maven-surefire-plugin/xsd/surefire-test-report-3.0.xsd" version="3.0" name="com.example.nexusbooking.AuthFlowIntegrationTest" time="13.207" tests="5" errors="0" skipped="0" failures="0">
  <properties>
[...]
</properties>
  <testcase name="getAndUpdateMeShouldWorkWithValidToken" classname="com.example.nexusbooking.AuthFlowIntegrationTest" time="1.623">
    <system-out><![CDATA[20:14:42.314 [main] INFO org.springframework.test.context.support.AnnotationConfigContextLoaderUtils -- Could not detect default configuration classes for test class [com.example.nexusbooking.AuthFlowIntegrationTest]: AuthFlowIntegrationTest does not declare any static, non-private, non-final, nested classes annotated with @Configuration.
20:14:42.476 [main] INFO org.springframework.boot.test.context.SpringBootTestContextBootstrapper -- Found @SpringBootConfiguration com.example.nexusbooking.NexusBookingApplication for test class com.example.nexusbooking.AuthFlowIntegrationTest

  .   ____          _            __ _ _
 /\\ / ___'_ __ _ _(_)_ __  __ _ \ \ \ \
( ( )\___ | '_ | '_| | '_ \/ _` | \ \ \ \
 \\/  ___)| |_)| | | | | || (_| |  ) ) ) )
  '  |____| .__|_| |_|_| |_\__, | / / / /
 =========|_|==============|___/=/_/_/_/
 :: Spring Boot ::                (v3.2.0)

2026-04-21T20:14:43.154+02:00  INFO 44848 --- [           main] c.e.n.AuthFlowIntegrationTest            : Starting AuthFlowIntegrationTest using Java 21.0.8 with PID 44848 (started by pevic in C:\Users\pevic\Documents\GitHub\NexusBooking\backend)
2026-04-21T20:14:43.155+02:00  INFO 44848 --- [           main] c.e.n.AuthFlowIntegrationTest            : The following 1 profile is active: "test"
2026-04-21T20:14:44.725+02:00  INFO 44848 --- [           main] .s.d.r.c.RepositoryConfigurationDelegate : Bootstrapping Spring Data JPA repositories in DEFAULT mode.
2026-04-21T20:14:44.841+02:00  INFO 44848 --- [           main] .s.d.r.c.RepositoryConfigurationDelegate : Finished Spring Data repository scanning in 104 ms. Found 6 JPA repository interfaces.
2026-04-21T20:14:46.132+02:00  INFO 44848 --- [           main] o.hibernate.jpa.internal.util.LogHelper  : HHH000204: Processing PersistenceUnitInfo [name: default]
2026-04-21T20:14:46.339+02:00  INFO 44848 --- [           main] org.hibernate.Version                    : HHH000412: Hibernate ORM core version 6.3.1.Final
2026-04-21T20:14:46.559+02:00  INFO 44848 --- [           main] o.h.c.internal.RegionFactoryInitiator    : HHH000026: Second-level cache disabled
2026-04-21T20:14:47.138+02:00  INFO 44848 --- [           main] o.s.o.j.p.SpringPersistenceUnitInfo      : No LoadTimeWeaver setup: ignoring JPA class transformer
2026-04-21T20:14:47.195+02:00  INFO 44848 --- [           main] com.zaxxer.hikari.HikariDataSource       : HikariPool-1 - Starting...
2026-04-21T20:14:47.527+02:00  INFO 44848 --- [           main] com.zaxxer.hikari.pool.HikariPool        : HikariPool-1 - Added connection conn0: url=jdbc:h2:mem:testdb user=SA
2026-04-21T20:14:47.529+02:00  INFO 44848 --- [           main] com.zaxxer.hikari.HikariDataSource       : HikariPool-1 - Start completed.
2026-04-21T20:14:47.577+02:00  WARN 44848 --- [           main] org.hibernate.orm.deprecation            : HHH90000025: H2Dialect does not need to be specified explicitly using 'hibernate.dialect' (remove the property setting and it will be selected by default)
2026-04-21T20:14:49.036+02:00  INFO 44848 --- [           main] o.h.e.t.j.p.i.JtaPlatformInitiator       : HHH000489: No JTA platform available (set 'hibernate.transaction.jta.platform' to enable JTA platform integration)
2026-04-21T20:14:49.173+02:00  INFO 44848 --- [           main] j.LocalContainerEntityManagerFactoryBean : Initialized JPA EntityManagerFactory for persistence unit 'default'
2026-04-21T20:14:50.012+02:00  INFO 44848 --- [           main] o.s.d.j.r.query.QueryEnhancerFactory     : Hibernate is in classpath; If applicable, HQL parser will be used.
2026-04-21T20:14:51.888+02:00  WARN 44848 --- [           main] JpaBaseConfiguration$JpaWebConfiguration : spring.jpa.open-in-view is enabled by default. Therefore, database queries may be performed during view rendering. Explicitly configure spring.jpa.open-in-view to disable this warning
2026-04-21T20:14:52.484+02:00  INFO 44848 --- [           main] o.s.s.web.DefaultSecurityFilterChain     : Will secure any request with [org.springframework.security.web.session.DisableEncodeUrlFilter@407bfc49, org.springframework.security.web.context.request.async.WebAsyncManagerIntegrationFilter@2f84848e, org.springframework.security.web.context.SecurityContextHolderFilter@495fa126, org.springframework.security.web.header.HeaderWriterFilter@a0d3cc7, org.springframework.web.filter.CorsFilter@607c7f58, org.springframework.security.web.authentication.logout.LogoutFilter@54e1e8a7, com.example.nexusbooking.security.AuthTokenFilter@205c0b1a, org.springframework.security.web.savedrequest.RequestCacheAwareFilter@68603829, org.springframework.security.web.servletapi.SecurityContextHolderAwareRequestFilter@6e2ab1f4, org.springframework.security.web.authentication.AnonymousAuthenticationFilter@4bbb00a4, org.springframework.security.web.session.SessionManagementFilter@7a11426a, org.springframework.security.web.access.ExceptionTranslationFilter@6870f52a, org.springframework.security.web.access.intercept.AuthorizationFilter@4295b0b8]
2026-04-21T20:14:53.197+02:00  INFO 44848 --- [           main] o.s.b.t.m.w.SpringBootMockServletContext : Initializing Spring TestDispatcherServlet ''
2026-04-21T20:14:53.198+02:00  INFO 44848 --- [           main] o.s.t.web.servlet.TestDispatcherServlet  : Initializing Servlet ''
2026-04-21T20:14:53.199+02:00  INFO 44848 --- [           main] o.s.t.web.servlet.TestDispatcherServlet  : Completed initialization in 1 ms
2026-04-21T20:14:53.227+02:00  INFO 44848 --- [           main] c.e.n.AuthFlowIntegrationTest            : Started AuthFlowIntegrationTest in 10.551 seconds (process running for 11.994)
2026-04-21T20:14:54.093+02:00  WARN 44848 --- [           main] o.s.w.s.h.HandlerMappingIntrospector     : Cache miss for REQUEST dispatch to '/api/auth/register' (previous null). Performing CorsConfiguration lookup. This is logged once only at WARN level, and every time at TRACE.
]]></system-out>
    <system-err><![CDATA[WARNING: A Java agent has been loaded dynamically (C:\Users\pevic\.m2\repository\net\bytebuddy\byte-buddy-agent\1.14.10\byte-buddy-agent-1.14.10.jar)
WARNING: If a serviceability tool is in use, please run with -XX:+EnableDynamicAgentLoading to hide this warning
WARNING: If a serviceability tool is not in use, please run with -Djdk.instrument.traceUsage for more information
WARNING: Dynamic loading of agents will be disallowed by default in a future release
]]></system-err>
  </testcase>
  <testcase name="registerShouldCreateUserAndHidePassword" classname="com.example.nexusbooking.AuthFlowIntegrationTest" time="0.109"/>
  <testcase name="logoutShouldReturnOk" classname="com.example.nexusbooking.AuthFlowIntegrationTest" time="0.013"/>
  <testcase name="getMeShouldRequireAuthentication" classname="com.example.nexusbooking.AuthFlowIntegrationTest" time="0.073"/>
  <testcase name="loginShouldReturnJwtToken" classname="com.example.nexusbooking.AuthFlowIntegrationTest" time="0.196"/>
</testsuite>